TIMESTAMP |  NP   | secs |  FTP  | IF  |  TSS  |  CTL  |  ATL  |  TSB
1549298690 134.897    364 121.129 1.114  12.540  12.540  12.540  0.000
1549378095 152.146    462 124.231 1.225  19.249  15.894  15.894  0.000
1549471626 147.756    492 129.107 1.144  17.900  16.563  16.563  0.000
1549566316 157.653    548 133.931 1.177  21.092  17.695  17.695  0.000
1549670308 143.391    848 138.540 1.035  25.234  19.203  19.203  0.000
1549670400   0.000      0 143.149 0.000   0.000  16.002  16.002  0.000
1549756800   0.000      0 147.758 0.000   0.000  13.716  13.716  0.000
1549905412 125.324    425 152.367 0.823   7.987  13.000  13.066 -0.066
1549991837 169.109    605 156.977 1.077  19.504  13.723  13.102  0.620
1550080712 171.236    604 164.843 1.039  18.104  14.161  13.132  1.029
1550102400   0.000      0 165.545 0.000   0.000  12.874  10.118  2.755
1550261354 166.788    603 166.248 1.003  16.859  13.206   8.922  4.284
1550275200   0.000      0 166.950 0.000   0.000  12.190   8.922  3.268
1550361600   0.000      0 167.653 0.000   0.000  11.319   8.922  2.397
1550448000   0.000      0 168.355 0.000   0.000  10.565   7.781  2.784
1550534400   0.000      0 169.057 0.000   0.000   9.904   4.995  4.910
1550620800   0.000      0 169.760 0.000   0.000   9.322   2.408  6.913
1550707200   0.000      0 170.462 0.000   0.000   8.804   2.408  6.395
1550793600   0.000      0 171.165 0.000   0.000   8.340   0.000  8.340
1550941338 161.371    604 171.867 0.939  14.791   8.663   2.113  6.550
1551026562 161.625    609 172.570 0.937  14.839   8.957   4.233  4.724
1551117097 170.485    636 173.272 0.984  17.103   9.327   6.676  2.651
1551139200   0.000      0 173.272 0.000   0.000   8.922   6.676  2.246
1551225600   0.000      0 173.272 0.000   0.000   8.550   6.676  1.874
1551312000   0.000      0 173.272 0.000   0.000   8.208   6.676  1.532
1551398400   0.000      0 173.272 0.000   0.000   7.892   6.676  1.216
1551484800   0.000      0 173.272 0.000   0.000   7.600   4.563  3.037
1551571200   0.000      0 173.272 0.000   0.000   7.329   2.443  4.885
1551657600   0.000      0 173.272 0.000   0.000   7.076  -0.000  7.076
1551744000   0.000      0 173.272 0.000   0.000   6.840  -0.000  6.840
1551830400   0.000      0 173.272 0.000   0.000   6.619  -0.000  6.619
1551916800   0.000      0 173.272 0.000   0.000   6.413  -0.000  6.413
1552083556 164.561   1372 173.272 0.950  34.376   7.260   4.911  2.349
1552089600   0.000      0 173.272 0.000   0.000   7.046   4.911  2.136
1552176000   0.000      0 173.272 0.000   0.000   6.845   4.911  1.934
1552262400   0.000      0 173.272 0.000   0.000   6.655   4.911  1.744
1552348800   0.000      0 173.272 0.000   0.000   6.475   4.911  1.564
1552435200   0.000      0 173.272 0.000   0.000   6.305   4.911  1.394
1552603881 160.725    543 173.272 0.928  12.978   6.476   6.765 -0.289
1552679349 161.535    663 173.272 0.932  16.006   6.714   4.141  2.573
1552752597 166.860    664 173.272 0.963  17.105   6.967   6.584  0.383
1552780800   0.000      0 173.272 0.000   0.000   6.802   6.584  0.217
1552875565 163.461    664 173.272 0.943  16.415   6.894   8.929 -2.035
1552953600   0.000      0 173.272 0.000   0.000   6.436   8.929 -2.494
1553040000   0.000      0 173.272 0.000   0.000   6.009   8.929 -2.920
1553126400   0.000      0 173.272 0.000   0.000   5.507   7.075 -1.568
1553212800   0.000      0 173.272 0.000   0.000   4.906   4.788  0.118
1553299200   0.000      0 173.272 0.000   0.000   4.906   2.345  2.561
1553385600   0.000      0 173.272 0.000   0.000   4.906   2.345  2.561
1553472000   0.000      0 173.272 0.000   0.000   4.716   0.000  4.716
1553558400   0.000      0 173.272 0.000   0.000   4.252   0.000  4.252
1553644800   0.000      0 173.272 0.000   0.000   3.821   0.000  3.821
1553731200   0.000      0 173.272 0.000   0.000   3.821   0.000  3.821
1553817600   0.000      0 173.272 0.000   0.000   3.419   0.000  3.419
1553904000   0.000      0 173.272 0.000   0.000   3.419   0.000  3.419
1553990400   0.000      0 173.272 0.000   0.000   3.419   0.000  3.419
1554076800   0.000      0 173.272 0.000   0.000   3.419   0.000  3.419
1554163200   0.000      0 173.272 0.000   0.000   3.419   0.000  3.419
1554249600   0.000      0 173.272 0.000   0.000   3.419   0.000  3.419
1554336000   0.000      0 173.272 0.000   0.000   3.419   0.000  3.419
1554498083 178.768    246 173.272 1.032   7.274   3.593   1.039  2.553
1554564369 179.255    249 173.272 1.035   7.403   3.417   2.097  1.320
1554655787 179.168    243 173.272 1.034   7.217   3.235   3.128  0.108
1554742641 173.957    311 173.272 1.004   8.707   3.035   4.372 -1.336